0 info it worked if it ends with ok
1 verbose cli [ '/usr/local/bin/node',
1 verbose cli   '/usr/local/bin/npm',
1 verbose cli   'install',
1 verbose cli   '--save',
1 verbose cli   'node-curl' ]
2 info using npm@1.3.23
3 info using node@v0.11.11-pre
4 verbose readDependencies using package.json deps
5 verbose cache add [ 'node-curl', null ]
6 verbose cache add name=undefined spec="node-curl" args=["node-curl",null]
7 verbose parsed url { protocol: null,
7 verbose parsed url   slashes: null,
7 verbose parsed url   auth: null,
7 verbose parsed url   host: null,
7 verbose parsed url   port: null,
7 verbose parsed url   hostname: null,
7 verbose parsed url   hash: null,
7 verbose parsed url   search: null,
7 verbose parsed url   query: null,
7 verbose parsed url   pathname: 'node-curl',
7 verbose parsed url   path: 'node-curl',
7 verbose parsed url   href: 'node-curl' }
8 silly lockFile 83a84a35-node-curl node-curl
9 verbose lock node-curl /home/jude/.npm/83a84a35-node-curl.lock
10 silly lockFile 83a84a35-node-curl node-curl
11 silly lockFile 83a84a35-node-curl node-curl
12 verbose addNamed [ 'node-curl', '' ]
13 verbose addNamed [ null, '*' ]
14 silly lockFile a3954c3c-node-curl node-curl@
15 verbose lock node-curl@ /home/jude/.npm/a3954c3c-node-curl.lock
16 silly addNameRange { name: 'node-curl', range: '*', hasData: false }
17 verbose url raw node-curl
18 verbose url resolving [ 'https://registry.npmjs.org/', './node-curl' ]
19 verbose url resolved https://registry.npmjs.org/node-curl
20 info trying registry request attempt 1 at 17:19:26
21 http GET https://registry.npmjs.org/node-curl
22 http 200 https://registry.npmjs.org/node-curl
23 silly registry.get cb [ 200,
23 silly registry.get   { date: 'Fri, 07 Feb 2014 09:19:27 GMT',
23 silly registry.get     server: 'CouchDB/1.5.0 (Erlang OTP/R16B)',
23 silly registry.get     etag: '"7PZ7OHQVVCQBCUTN7IK6F4N0I"',
23 silly registry.get     'content-type': 'application/json',
23 silly registry.get     via: '1.1 varnish, 1.1 varnish',
23 silly registry.get     'cache-control': 'max-age=1',
23 silly registry.get     'content-length': '60228',
23 silly registry.get     'accept-ranges': 'bytes',
23 silly registry.get     age: '1808',
23 silly registry.get     'x-served-by': 'cache-v41-ASH, cache-sn88-SIN',
23 silly registry.get     'x-cache': 'MISS, MISS',
23 silly registry.get     'x-cache-hits': '0, 0',
23 silly registry.get     'x-timer': 'S1391764766.739713669,VS0,VS123,VE136,VE489',
23 silly registry.get     vary: 'Accept',
23 silly registry.get     connection: 'close' } ]
24 silly addNameRange number 2 { name: 'node-curl', range: '*', hasData: true }
25 silly addNameRange versions [ 'node-curl',
25 silly addNameRange   [ '0.1.0',
25 silly addNameRange     '0.1.1',
25 silly addNameRange     '0.1.2',
25 silly addNameRange     '0.1.3',
25 silly addNameRange     '0.1.4',
25 silly addNameRange     '0.1.5',
25 silly addNameRange     '0.1.6',
25 silly addNameRange     '0.1.7',
25 silly addNameRange     '0.1.8',
25 silly addNameRange     '0.2.0',
25 silly addNameRange     '0.2.1',
25 silly addNameRange     '0.2.2',
25 silly addNameRange     '0.2.3',
25 silly addNameRange     '0.3.0',
25 silly addNameRange     '0.3.1' ] ]
26 verbose addNamed [ 'node-curl', '0.3.1' ]
27 verbose addNamed [ '0.3.1', '0.3.1' ]
28 silly lockFile efd00346-node-curl-0-3-1 node-curl@0.3.1
29 verbose lock node-curl@0.3.1 /home/jude/.npm/efd00346-node-curl-0-3-1.lock
30 silly lockFile 5f74afde-rg-node-curl-node-curl-0-3-1-tgz https://registry.npmjs.org/node-curl/-/node-curl-0.3.1.tgz
31 verbose lock https://registry.npmjs.org/node-curl/-/node-curl-0.3.1.tgz /home/jude/.npm/5f74afde-rg-node-curl-node-curl-0-3-1-tgz.lock
32 verbose addRemoteTarball [ 'https://registry.npmjs.org/node-curl/-/node-curl-0.3.1.tgz',
32 verbose addRemoteTarball   '9c51949c6dc4f7d3e8003b26817feeb53ec33819' ]
33 info retry fetch attempt 1 at 17:19:27
34 verbose fetch to= /home/jude/tmp/npm-7618-D7rxRiuE/1391764767484-0.8158312423620373/tmp.tgz
35 http GET https://registry.npmjs.org/node-curl/-/node-curl-0.3.1.tgz
36 http 200 https://registry.npmjs.org/node-curl/-/node-curl-0.3.1.tgz
37 verbose tar unpack /home/jude/tmp/npm-7618-D7rxRiuE/1391764767484-0.8158312423620373/tmp.tgz
38 silly lockFile 2247fb33-67484-0-8158312423620373-package tar:///home/jude/tmp/npm-7618-D7rxRiuE/1391764767484-0.8158312423620373/package
39 verbose lock tar:///home/jude/tmp/npm-7618-D7rxRiuE/1391764767484-0.8158312423620373/package /home/jude/.npm/2247fb33-67484-0-8158312423620373-package.lock
40 silly lockFile 2a34ca12-67484-0-8158312423620373-tmp-tgz tar:///home/jude/tmp/npm-7618-D7rxRiuE/1391764767484-0.8158312423620373/tmp.tgz
41 verbose lock tar:///home/jude/tmp/npm-7618-D7rxRiuE/1391764767484-0.8158312423620373/tmp.tgz /home/jude/.npm/2a34ca12-67484-0-8158312423620373-tmp-tgz.lock
42 silly gunzTarPerm modes [ '755', '644' ]
43 silly gunzTarPerm extractEntry package.json
44 silly gunzTarPerm extractEntry .npmignore
45 silly gunzTarPerm extractEntry README.md
46 silly gunzTarPerm extractEntry index.js
47 silly gunzTarPerm extractEntry wscript
48 silly gunzTarPerm extractEntry examples/low-level-pressure.js
49 silly gunzTarPerm extractEntry examples/curl.js
50 silly gunzTarPerm extractEntry examples/post-multi-part.js
51 silly gunzTarPerm extractEntry examples/test-stream.js
52 silly gunzTarPerm extractEntry examples/post.js
53 silly gunzTarPerm extractEntry examples/test-errors.js
54 silly gunzTarPerm extractEntry examples/pressure.js
55 silly gunzTarPerm extractEntry examples/test.js
56 silly gunzTarPerm extractEntry examples/pressure-multi-post.js
57 silly gunzTarPerm extractEntry examples/test-get-info.js
58 silly gunzTarPerm extractEntry examples/low-level.js
59 silly gunzTarPerm extractEntry examples/quick-start.js
60 silly gunzTarPerm extractEntry examples/test-errors.toffee
61 silly gunzTarPerm extractEntry examples/post-multi-part.toffee
62 silly gunzTarPerm extractEntry examples/pressure-multi-post.toffee
63 silly gunzTarPerm extractEntry examples/curl.toffee
64 silly gunzTarPerm extractEntry examples/test-stream.toffee
65 silly gunzTarPerm extractEntry examples/pressure.toffee
66 silly gunzTarPerm extractEntry examples/post.toffee
67 silly gunzTarPerm extractEntry examples/test.toffee
68 silly gunzTarPerm extractEntry LICENSE-MIT
69 silly gunzTarPerm extractEntry .travis.yml
70 silly gunzTarPerm extractEntry index.toffee
71 silly gunzTarPerm extractEntry src/node-curl.h
72 silly gunzTarPerm extractEntry src/generate_curl_options_list.sh
73 silly gunzTarPerm extractEntry src/node-curl.cc
74 silly gunzTarPerm extractEntry binding.gyp
75 silly gunzTarPerm extractEntry lib/CurlBuilder.js
76 silly gunzTarPerm extractEntry lib/Curl.js
77 silly gunzTarPerm extractEntry lib/Curl.toffee
78 silly gunzTarPerm extractEntry lib/CurlBuilder.toffee
79 silly lockFile 2247fb33-67484-0-8158312423620373-package tar:///home/jude/tmp/npm-7618-D7rxRiuE/1391764767484-0.8158312423620373/package
80 silly lockFile 2247fb33-67484-0-8158312423620373-package tar:///home/jude/tmp/npm-7618-D7rxRiuE/1391764767484-0.8158312423620373/package
81 silly lockFile 2a34ca12-67484-0-8158312423620373-tmp-tgz tar:///home/jude/tmp/npm-7618-D7rxRiuE/1391764767484-0.8158312423620373/tmp.tgz
82 silly lockFile 2a34ca12-67484-0-8158312423620373-tmp-tgz tar:///home/jude/tmp/npm-7618-D7rxRiuE/1391764767484-0.8158312423620373/tmp.tgz
83 verbose tar pack [ '/home/jude/.npm/node-curl/0.3.1/package.tgz',
83 verbose tar pack   '/home/jude/tmp/npm-7618-D7rxRiuE/1391764767484-0.8158312423620373/package' ]
84 verbose tarball /home/jude/.npm/node-curl/0.3.1/package.tgz
85 verbose folder /home/jude/tmp/npm-7618-D7rxRiuE/1391764767484-0.8158312423620373/package
86 silly lockFile 2247fb33-67484-0-8158312423620373-package tar:///home/jude/tmp/npm-7618-D7rxRiuE/1391764767484-0.8158312423620373/package
87 verbose lock tar:///home/jude/tmp/npm-7618-D7rxRiuE/1391764767484-0.8158312423620373/package /home/jude/.npm/2247fb33-67484-0-8158312423620373-package.lock
88 silly lockFile 98096043--npm-node-curl-0-3-1-package-tgz tar:///home/jude/.npm/node-curl/0.3.1/package.tgz
89 verbose lock tar:///home/jude/.npm/node-curl/0.3.1/package.tgz /home/jude/.npm/98096043--npm-node-curl-0-3-1-package-tgz.lock
90 silly lockFile 2247fb33-67484-0-8158312423620373-package tar:///home/jude/tmp/npm-7618-D7rxRiuE/1391764767484-0.8158312423620373/package
91 silly lockFile 2247fb33-67484-0-8158312423620373-package tar:///home/jude/tmp/npm-7618-D7rxRiuE/1391764767484-0.8158312423620373/package
92 silly lockFile 98096043--npm-node-curl-0-3-1-package-tgz tar:///home/jude/.npm/node-curl/0.3.1/package.tgz
93 silly lockFile 98096043--npm-node-curl-0-3-1-package-tgz tar:///home/jude/.npm/node-curl/0.3.1/package.tgz
94 silly lockFile de1deefb-jude-npm-node-curl-0-3-1-package /home/jude/.npm/node-curl/0.3.1/package
95 verbose lock /home/jude/.npm/node-curl/0.3.1/package /home/jude/.npm/de1deefb-jude-npm-node-curl-0-3-1-package.lock
96 silly lockFile de1deefb-jude-npm-node-curl-0-3-1-package /home/jude/.npm/node-curl/0.3.1/package
97 silly lockFile de1deefb-jude-npm-node-curl-0-3-1-package /home/jude/.npm/node-curl/0.3.1/package
98 verbose tar unpack /home/jude/.npm/node-curl/0.3.1/package.tgz
99 silly lockFile a3b74ebb-jude-npm-node-curl-0-3-1-package tar:///home/jude/.npm/node-curl/0.3.1/package
100 verbose lock tar:///home/jude/.npm/node-curl/0.3.1/package /home/jude/.npm/a3b74ebb-jude-npm-node-curl-0-3-1-package.lock
101 silly lockFile 98096043--npm-node-curl-0-3-1-package-tgz tar:///home/jude/.npm/node-curl/0.3.1/package.tgz
102 verbose lock tar:///home/jude/.npm/node-curl/0.3.1/package.tgz /home/jude/.npm/98096043--npm-node-curl-0-3-1-package-tgz.lock
103 silly gunzTarPerm modes [ '755', '644' ]
104 silly gunzTarPerm extractEntry package.json
105 silly gunzTarPerm extractEntry .npmignore
106 silly gunzTarPerm extractEntry README.md
107 silly gunzTarPerm extractEntry index.js
108 silly gunzTarPerm extractEntry binding.gyp
109 silly gunzTarPerm extractEntry examples/curl.js
110 silly gunzTarPerm extractEntry examples/low-level.js
111 silly gunzTarPerm extractEntry examples/post-multi-part.js
112 silly gunzTarPerm extractEntry examples/test.js
113 silly gunzTarPerm extractEntry examples/low-level-pressure.js
114 silly gunzTarPerm extractEntry examples/test-stream.js
115 silly gunzTarPerm extractEntry examples/pressure-multi-post.js
116 silly gunzTarPerm extractEntry examples/test-get-info.js
117 silly gunzTarPerm extractEntry examples/test-errors.js
118 silly gunzTarPerm extractEntry examples/quick-start.js
119 silly gunzTarPerm extractEntry examples/post.js
120 silly gunzTarPerm extractEntry examples/pressure.js
121 silly gunzTarPerm extractEntry examples/pressure.toffee
122 silly gunzTarPerm extractEntry examples/curl.toffee
123 silly gunzTarPerm extractEntry examples/test-errors.toffee
124 silly gunzTarPerm extractEntry examples/pressure-multi-post.toffee
125 silly gunzTarPerm extractEntry examples/post.toffee
126 silly gunzTarPerm extractEntry examples/test-stream.toffee
127 silly gunzTarPerm extractEntry examples/post-multi-part.toffee
128 silly gunzTarPerm extractEntry examples/test.toffee
129 silly gunzTarPerm extractEntry .travis.yml
130 silly gunzTarPerm extractEntry index.toffee
131 silly gunzTarPerm extractEntry lib/Curl.js
132 silly gunzTarPerm extractEntry lib/CurlBuilder.js
133 silly gunzTarPerm extractEntry lib/Curl.toffee
134 silly gunzTarPerm extractEntry lib/CurlBuilder.toffee
135 silly gunzTarPerm extractEntry LICENSE-MIT
136 silly gunzTarPerm extractEntry src/generate_curl_options_list.sh
137 silly gunzTarPerm extractEntry src/node-curl.cc
138 silly gunzTarPerm extractEntry src/node-curl.h
139 silly gunzTarPerm extractEntry wscript
140 silly lockFile a3b74ebb-jude-npm-node-curl-0-3-1-package tar:///home/jude/.npm/node-curl/0.3.1/package
141 silly lockFile a3b74ebb-jude-npm-node-curl-0-3-1-package tar:///home/jude/.npm/node-curl/0.3.1/package
142 silly lockFile 98096043--npm-node-curl-0-3-1-package-tgz tar:///home/jude/.npm/node-curl/0.3.1/package.tgz
143 silly lockFile 98096043--npm-node-curl-0-3-1-package-tgz tar:///home/jude/.npm/node-curl/0.3.1/package.tgz
144 verbose chmod /home/jude/.npm/node-curl/0.3.1/package.tgz 644
145 verbose chown /home/jude/.npm/node-curl/0.3.1/package.tgz [ 1000, 1000 ]
146 silly lockFile 5f74afde-rg-node-curl-node-curl-0-3-1-tgz https://registry.npmjs.org/node-curl/-/node-curl-0.3.1.tgz
147 silly lockFile 5f74afde-rg-node-curl-node-curl-0-3-1-tgz https://registry.npmjs.org/node-curl/-/node-curl-0.3.1.tgz
148 silly lockFile efd00346-node-curl-0-3-1 node-curl@0.3.1
149 silly lockFile efd00346-node-curl-0-3-1 node-curl@0.3.1
150 silly lockFile a3954c3c-node-curl node-curl@
151 silly lockFile a3954c3c-node-curl node-curl@
152 silly resolved [ { name: 'node-curl',
152 silly resolved     version: '0.3.1',
152 silly resolved     author: { name: 'Jiang Miao', email: 'jiangfriend@gmail.com' },
152 silly resolved     description: 'node wrapper for multi curl, fully implemented.',
152 silly resolved     keywords: [ 'node-curl', 'curl', 'multi-curl', 'mcurl' ],
152 silly resolved     homepage: 'http://github.com/jiangmiao/node-curl',
152 silly resolved     repository: { type: 'git', url: 'git://github.com/jiangmiao/node-curl.git' },
152 silly resolved     main: './lib',
152 silly resolved     scripts: { install: 'sh src/generate_curl_options_list.sh && (node-gyp rebuild || node-waf configure build)' },
152 silly resolved     engines: { node: '>= 0.6.0' },
152 silly resolved     readme: 'node-curl [![Build Status](https://secure.travis-ci.org/jiangmiao/node-curl.png?branch=master)](http://travis-ci.org/jiangmiao/node-curl)\n=========\n\nnode cURL wrapper, support all options and infos.\n\nQuick Start\n-----------\n\n* quick start\n\n        curl = require(\'node-curl\');\n        curl(\'www.google.com\', function(err) {\n          console.info(this.status);\n          console.info(\'-----\');\n          console.info(this.body);\n          console.info(\'-----\');\n          console.info(this.info(\'SIZE_DOWNLOAD\'));\n        });\n\n\n* with options\n\n        curl = require(\'node-curl\')\n        curl(\'www.google.com\', {VERBOSE: 1, RAW: 1}, function(err) {\n          console.info(this);\n        });\n\n* run the example/test.js\n\n        node examples/test.js\n\nUsage\n-----\n\n* curl\n\n        curl(url, [options = {}], callback)\n        callback includes 1 parameters (error)\n        result is stored in curl\n\n* Retrieve Data from curl\n\n        members:\n          status           - Http Response code\n          body             - Http body\n\n          url              - the url set by curl(...)\n          options          - the options set by curl(...)\n          defaultOptions   - the defaultOptions\n          effectiveOptions - the options curl used\n\n        methods:\n          info(name) - Get information of result, see \'info\' section\n\n* Curl Control\n\n        members\n            debug (default: false)\n                - logging node-curl debug info\n\n        methods:\n            void reset()\n                - reset curl and set options to default options\n\n            void setDefaultOptions(options, reset = true)\n                - set default options\n\n            curl create(defaultOptions)\n                - create a new curl with default options\n\nOptions\n-------\n* Any cURL Easy Options\n\n        eg: CURLOPT_VERBOSE will be VERBOSE, CURLOPT_HEADER will be HEADER\n\n        Full list at http://curl.haxx.se/libcurl/c/curl_easy_setopt.html\n\n* node-curl Extra Options\n\n        RAW   - Returns Buffer instead of String in result.body\n        DEBUG - Replace curl.debug\n\n* About slist parameters\n\n        node-curl support slist which map to Javascript Array\n\n        eg:\n            HTTP_HEADER: [\'FOO\', \'BAR\']\n            HTTP_HEADER: \'FOO\'\n\n            any non-array parameter will convert to [ parameter.toString() ]\n\nInfos\n-----\n* Any cURL Info options\n\n        eg: CURLINFO_EFFECTIVE_URL will be EFFETCTIVE_URL\n\n        full list at http://curl.haxx.se/libcurl/c/curl_easy_getinfo.html\n\n\n* About slist\n\n          slist will be returns in Array\n          eg: CURLINFO_COOKIELIST\n\nMultiPart Upload\n----------------\nUse MULTIPART option\n\nThere are 4 options in MULTIPART, `name`, `file`, `type`, `contents`\n\n```javascript\ncurl(\'127.0.0.1/upload.php\', {\n    MULTIPART: [\n        {name: \'file\', file: \'/file/path\', type: \'text/html\'},\n        {name: \'sumbit\', contents: \'send\'}\n    ]\n}, function(e) {\n    console.log(e);\n    console.log(this.body);\n    this.close()\n});\n```\n\nLow Level Curl Usage\n--------------------\n\nrequire \'node-curl/lib/Curl\'\n\nMethods:\n\n    Curl setopt(optionName, optionValue)\n    Curl perform()\n    Curl on(eventType, callback)\n    Mixed getinfo(infoName)\n\nEvents:\n\n    \'data\', function(Buffer chunk) {}\n    \'error\', function(Error error) {}\n    \'end\', function() {}\n\nExample: examples/low-level.js\n\n    var Curl = require(\'node-curl/lib/Curl\')\n\n    var p = console.log;\n    var url = process.argv[2];\n\n    var curl = new Curl();\n\n    if (!url)\n        url = \'www.yahoo.com\';\n\n    curl.setopt(\'URL\', url);\n    curl.setopt(\'CONNECTTIMEOUT\', 2);\n\n    // on \'data\' must be returns chunk.length, or means interrupt the transfer\n    curl.on(\'data\', function(chunk) {\n        p("receive " + chunk.length)\n        return chunk.length;\n    });\n\n    // curl.close() should be called in event \'error\' and \'end\' if the curl won\'t use any more.\n    // or the resource will not release until V8 garbage mark sweep.\n    curl.on(\'error\', function(e) {\n        p("error: " + e.message)\n        curl.close();\n    });\n\n\n    curl.on(\'end\', function() {\n        p(\'code: \' + curl.getinfo(\'RESPONSE_CODE\'));\n        p(\'done.\')\n        curl.close();\n    });\n\n    curl.perform();\n',
152 silly resolved     readmeFilename: 'README.md',
152 silly resolved     bugs: { url: 'https://github.com/jiangmiao/node-curl/issues' },
152 silly resolved     _id: 'node-curl@0.3.1',
152 silly resolved     dist: { shasum: 'e1836cf88b1422b4879139e502a115772665749e' },
152 silly resolved     _from: 'node-curl@',
152 silly resolved     _resolved: 'https://registry.npmjs.org/node-curl/-/node-curl-0.3.1.tgz' } ]
153 info install node-curl@0.3.1 into /home/jude/Javascript/ninja-moves
154 info installOne node-curl@0.3.1
155 info /home/jude/Javascript/ninja-moves/node_modules/node-curl unbuild
156 verbose tar unpack /home/jude/.npm/node-curl/0.3.1/package.tgz
157 silly lockFile e1528c0a-nja-moves-node-modules-node-curl tar:///home/jude/Javascript/ninja-moves/node_modules/node-curl
158 verbose lock tar:///home/jude/Javascript/ninja-moves/node_modules/node-curl /home/jude/.npm/e1528c0a-nja-moves-node-modules-node-curl.lock
159 silly lockFile 98096043--npm-node-curl-0-3-1-package-tgz tar:///home/jude/.npm/node-curl/0.3.1/package.tgz
160 verbose lock tar:///home/jude/.npm/node-curl/0.3.1/package.tgz /home/jude/.npm/98096043--npm-node-curl-0-3-1-package-tgz.lock
161 silly gunzTarPerm modes [ '755', '644' ]
162 silly gunzTarPerm extractEntry package.json
163 silly gunzTarPerm extractEntry .npmignore
164 silly gunzTarPerm extractEntry README.md
165 silly gunzTarPerm extractEntry index.js
166 silly gunzTarPerm extractEntry binding.gyp
167 silly gunzTarPerm extractEntry examples/curl.js
168 silly gunzTarPerm extractEntry examples/low-level.js
169 silly gunzTarPerm extractEntry examples/post-multi-part.js
170 silly gunzTarPerm extractEntry examples/test.js
171 silly gunzTarPerm extractEntry examples/low-level-pressure.js
172 silly gunzTarPerm extractEntry examples/test-stream.js
173 silly gunzTarPerm extractEntry examples/pressure-multi-post.js
174 silly gunzTarPerm extractEntry examples/test-get-info.js
175 silly gunzTarPerm extractEntry examples/test-errors.js
176 silly gunzTarPerm extractEntry examples/quick-start.js
177 silly gunzTarPerm extractEntry examples/post.js
178 silly gunzTarPerm extractEntry examples/pressure.js
179 silly gunzTarPerm extractEntry examples/pressure.toffee
180 silly gunzTarPerm extractEntry examples/curl.toffee
181 silly gunzTarPerm extractEntry examples/test-errors.toffee
182 silly gunzTarPerm extractEntry examples/pressure-multi-post.toffee
183 silly gunzTarPerm extractEntry examples/post.toffee
184 silly gunzTarPerm extractEntry examples/test-stream.toffee
185 silly gunzTarPerm extractEntry examples/post-multi-part.toffee
186 silly gunzTarPerm extractEntry examples/test.toffee
187 silly gunzTarPerm extractEntry .travis.yml
188 silly gunzTarPerm extractEntry index.toffee
189 silly gunzTarPerm extractEntry lib/Curl.js
190 silly gunzTarPerm extractEntry lib/CurlBuilder.js
191 silly gunzTarPerm extractEntry lib/Curl.toffee
192 silly gunzTarPerm extractEntry lib/CurlBuilder.toffee
193 silly gunzTarPerm extractEntry LICENSE-MIT
194 silly gunzTarPerm extractEntry src/generate_curl_options_list.sh
195 silly gunzTarPerm extractEntry src/node-curl.cc
196 silly gunzTarPerm extractEntry src/node-curl.h
197 silly gunzTarPerm extractEntry wscript
198 silly lockFile e1528c0a-nja-moves-node-modules-node-curl tar:///home/jude/Javascript/ninja-moves/node_modules/node-curl
199 silly lockFile e1528c0a-nja-moves-node-modules-node-curl tar:///home/jude/Javascript/ninja-moves/node_modules/node-curl
200 silly lockFile 98096043--npm-node-curl-0-3-1-package-tgz tar:///home/jude/.npm/node-curl/0.3.1/package.tgz
201 silly lockFile 98096043--npm-node-curl-0-3-1-package-tgz tar:///home/jude/.npm/node-curl/0.3.1/package.tgz
202 info preinstall node-curl@0.3.1
203 verbose readDependencies using package.json deps
204 verbose readDependencies using package.json deps
205 silly resolved []
206 verbose about to build /home/jude/Javascript/ninja-moves/node_modules/node-curl
207 info build /home/jude/Javascript/ninja-moves/node_modules/node-curl
208 verbose linkStuff [ false,
208 verbose linkStuff   false,
208 verbose linkStuff   false,
208 verbose linkStuff   '/home/jude/Javascript/ninja-moves/node_modules' ]
209 info linkStuff node-curl@0.3.1
210 verbose linkBins node-curl@0.3.1
211 verbose linkMans node-curl@0.3.1
212 verbose rebuildBundles node-curl@0.3.1
213 info install node-curl@0.3.1
214 verbose unsafe-perm in lifecycle true
215 info node-curl@0.3.1 Failed to exec install script
216 info /home/jude/Javascript/ninja-moves/node_modules/node-curl unbuild
217 info preuninstall node-curl@0.3.1
218 info uninstall node-curl@0.3.1
219 verbose true,/home/jude/Javascript/ninja-moves/node_modules,/home/jude/Javascript/ninja-moves/node_modules unbuild node-curl@0.3.1
220 info postuninstall node-curl@0.3.1
221 error node-curl@0.3.1 install: `sh src/generate_curl_options_list.sh && (node-gyp rebuild || node-waf configure build)`
221 error Exit status 127
222 error Failed at the node-curl@0.3.1 install script.
222 error This is most likely a problem with the node-curl package,
222 error not with npm itself.
222 error Tell the author that this fails on your system:
222 error     sh src/generate_curl_options_list.sh && (node-gyp rebuild || node-waf configure build)
222 error You can get their info via:
222 error     npm owner ls node-curl
222 error There is likely additional logging output above.
223 error System Linux 3.11.0-15-generic
224 error command "/usr/local/bin/node" "/usr/local/bin/npm" "install" "--save" "node-curl"
225 error cwd /home/jude/Javascript/ninja-moves
226 error node -v v0.11.11-pre
227 error npm -v 1.3.23
228 error code ELIFECYCLE
229 verbose exit [ 1, true ]
